Build started 21/12/2021 07:34:11 م.
     1>Project "C:\Users\KRM0201517\Documents\Visual Studio 2010\Projects\Constructors\Constructors\Constructors.vcxproj" on node 2 (build target(s)).
     1>InitializeBuildStatus:
         Touching "Debug\Constructors.unsuccessfulbuild".
       ClCompile:
         c:\Program Files (x86)\Microsoft Visual Studio 10.0\VC\bin\CL.exe /c /ZI /nologo /W3 /WX- /Od /Oy- /D WIN32 /D _DEBUG /D _CONSOLE /D _UNICODE /D UNICODE /Gm /EHsc /RTC1 /MDd /GS /fp:precise /Zc:wchar_t /Zc:forScope /Fo"Debug\\" /Fd"Debug\vc100.pdb" /Gd /TP /analyze- /errorReport:prompt imp.cpp main.cpp
         main.cpp
         imp.cpp
     1>c:\users\krm0201517\documents\visual studio 2010\projects\constructors\constructors\imp.cpp(23): warning C4244: '=' : conversion from 'int' to 'float', possible loss of data
     1>c:\users\krm0201517\documents\visual studio 2010\projects\constructors\constructors\imp.cpp(24): warning C4244: '=' : conversion from 'int' to 'float', possible loss of data
     1>c:\users\krm0201517\documents\visual studio 2010\projects\constructors\constructors\imp.cpp(38): warning C4244: 'return' : conversion from 'double' to 'float', possible loss of data
     1>c:\users\krm0201517\documents\visual studio 2010\projects\constructors\constructors\imp.cpp(51): warning C4996: 'strcpy': This function or variable may be unsafe. Consider using strcpy_s instead. To disable deprecation, use _CRT_SECURE_NO_WARNINGS. See online help for details.
                 c:\program files (x86)\microsoft visual studio 10.0\vc\include\string.h(105) : see declaration of 'strcpy'
     1>c:\users\krm0201517\documents\visual studio 2010\projects\constructors\constructors\imp.cpp(61): warning C4996: 'strcpy': This function or variable may be unsafe. Consider using strcpy_s instead. To disable deprecation, use _CRT_SECURE_NO_WARNINGS. See online help for details.
                 c:\program files (x86)\microsoft visual studio 10.0\vc\include\string.h(105) : see declaration of 'strcpy'
     1>c:\users\krm0201517\documents\visual studio 2010\projects\constructors\constructors\imp.cpp(72): warning C4996: 'strcpy': This function or variable may be unsafe. Consider using strcpy_s instead. To disable deprecation, use _CRT_SECURE_NO_WARNINGS. See online help for details.
                 c:\program files (x86)\microsoft visual studio 10.0\vc\include\string.h(105) : see declaration of 'strcpy'
         Generating Code...
       ManifestResourceCompile:
         All outputs are up-to-date.
       Link:
         c:\Program Files (x86)\Microsoft Visual Studio 10.0\VC\bin\link.exe /ERRORREPORT:PROMPT /OUT:"C:\Users\KRM0201517\Documents\Visual Studio 2010\Projects\Constructors\Debug\Constructors.exe" /INCREMENTAL /NOLOGO kernel32.lib user32.lib gdi32.lib winspool.lib comdlg32.lib advapi32.lib shell32.lib ole32.lib oleaut32.lib uuid.lib odbc32.lib odbccp32.lib /MANIFEST /ManifestFile:"Debug\Constructors.exe.intermediate.manifest" /MANIFESTUAC:"level='asInvoker' uiAccess='false'" /DEBUG /PDB:"C:\Users\KRM0201517\Documents\Visual Studio 2010\Projects\Constructors\Debug\Constructors.pdb" /SUBSYSTEM:CONSOLE /TLBID:1 /DYNAMICBASE /NXCOMPAT /IMPLIB:"C:\Users\KRM0201517\Documents\Visual Studio 2010\Projects\Constructors\Debug\Constructors.lib" /MACHINE:X86 Debug\Constructors.exe.embed.manifest.res
         Debug\imp.obj
         Debug\main.obj
       Manifest:
         c:\Program Files (x86)\Microsoft SDKs\Windows\v7.0A\bin\mt.exe /nologo /verbose /out:"Debug\Constructors.exe.embed.manifest" /manifest Debug\Constructors.exe.intermediate.manifest
         All outputs are up-to-date.
       LinkEmbedManifest:
         All outputs are up-to-date.
         Constructors.vcxproj -> C:\Users\KRM0201517\Documents\Visual Studio 2010\Projects\Constructors\Debug\Constructors.exe
       FinalizeBuildStatus:
         Deleting file "Debug\Constructors.unsuccessfulbuild".
         Touching "Debug\Constructors.lastbuildstate".
     1>Done Building Project "C:\Users\KRM0201517\Documents\Visual Studio 2010\Projects\Constructors\Constructors\Constructors.vcxproj" (build target(s)).

Build succeeded.

Time Elapsed 00:00:01.49
