Build started 05/12/2021 05:35:32 م.
     1>Project "C:\Users\KRM0201517\Documents\Visual Studio 2010\Projects\clock_inhertance\clock_inhertance\clock_inhertance.vcxproj" on node 2 (build target(s)).
     1>InitializeBuildStatus:
         Touching "Debug\clock_inhertance.unsuccessfulbuild".
       ClCompile:
         c:\Program Files (x86)\Microsoft Visual Studio 10.0\VC\bin\CL.exe /c /ZI /nologo /W3 /WX- /Od /Oy- /D _MBCS /Gm /EHsc /RTC1 /MDd /GS /fp:precise /Zc:wchar_t /Zc:forScope /Fo"Debug\\" /Fd"Debug\vc100.pdb" /Gd /TP /analyze- /errorReport:prompt imp.cpp main.cpp
         main.cpp
         imp.cpp
         Generating Code...
       Link:
         c:\Program Files (x86)\Microsoft Visual Studio 10.0\VC\bin\link.exe /ERRORREPORT:PROMPT /OUT:"C:\Users\KRM0201517\Documents\Visual Studio 2010\Projects\clock_inhertance\Debug\clock_inhertance.exe" /NOLOGO kernel32.lib user32.lib gdi32.lib winspool.lib comdlg32.lib advapi32.lib shell32.lib ole32.lib oleaut32.lib uuid.lib odbc32.lib odbccp32.lib /MANIFEST /ManifestFile:"Debug\clock_inhertance.exe.intermediate.manifest" /MANIFESTUAC:"level='asInvoker' uiAccess='false'" /DEBUG /PDB:"C:\Users\KRM0201517\Documents\Visual Studio 2010\Projects\clock_inhertance\Debug\clock_inhertance.pdb" /TLBID:1 /DYNAMICBASE /NXCOMPAT /IMPLIB:"C:\Users\KRM0201517\Documents\Visual Studio 2010\Projects\clock_inhertance\Debug\clock_inhertance.lib" /MACHINE:X86 Debug\imp.obj
         Debug\main.obj
         LINK : C:\Users\KRM0201517\Documents\Visual Studio 2010\Projects\clock_inhertance\Debug\clock_inhertance.exe not found or not built by the last incremental link; performing full link
         clock_inhertance.vcxproj -> C:\Users\KRM0201517\Documents\Visual Studio 2010\Projects\clock_inhertance\Debug\clock_inhertance.exe
       Manifest:
         c:\Program Files (x86)\Microsoft SDKs\Windows\v7.0A\bin\mt.exe /nologo /verbose /outputresource:"C:\Users\KRM0201517\Documents\Visual Studio 2010\Projects\clock_inhertance\Debug\clock_inhertance.exe;#1" /manifest Debug\clock_inhertance.exe.intermediate.manifest
       FinalizeBuildStatus:
         Deleting file "Debug\clock_inhertance.unsuccessfulbuild".
         Touching "Debug\clock_inhertance.lastbuildstate".
     1>Done Building Project "C:\Users\KRM0201517\Documents\Visual Studio 2010\Projects\clock_inhertance\clock_inhertance\clock_inhertance.vcxproj" (build target(s)).

Build succeeded.

Time Elapsed 00:00:02.48
