Build started 03/12/2021 07:03:28 م.
     1>Project "C:\Users\KRM0201517\Documents\Visual Studio 2010\Projects\date_clock\date_clock\date_clock.vcxproj" on node 2 (build target(s)).
     1>PrepareForBuild:
         Creating directory "C:\Users\KRM0201517\Documents\Visual Studio 2010\Projects\date_clock\Debug\".
       InitializeBuildStatus:
         Creating "Debug\date_clock.unsuccessfulbuild" because "AlwaysCreate" was specified.
       ClCompile:
         c:\Program Files (x86)\Microsoft Visual Studio 10.0\VC\bin\CL.exe /c /ZI /nologo /W3 /WX- /Od /Oy- /D _MBCS /Gm /EHsc /RTC1 /MDd /GS /fp:precise /Zc:wchar_t /Zc:forScope /Fo"Debug\\" /Fd"Debug\vc100.pdb" /Gd /TP /analyze- /errorReport:prompt imp.cpp main.cpp
         main.cpp
         imp.cpp
         Generating Code...
       Link:
         c:\Program Files (x86)\Microsoft Visual Studio 10.0\VC\bin\link.exe /ERRORREPORT:PROMPT /OUT:"C:\Users\KRM0201517\Documents\Visual Studio 2010\Projects\date_clock\Debug\date_clock.exe" /NOLOGO kernel32.lib user32.lib gdi32.lib winspool.lib comdlg32.lib advapi32.lib shell32.lib ole32.lib oleaut32.lib uuid.lib odbc32.lib odbccp32.lib /MANIFEST /ManifestFile:"Debug\date_clock.exe.intermediate.manifest" /MANIFESTUAC:"level='asInvoker' uiAccess='false'" /DEBUG /PDB:"C:\Users\KRM0201517\Documents\Visual Studio 2010\Projects\date_clock\Debug\date_clock.pdb" /TLBID:1 /DYNAMICBASE /NXCOMPAT /IMPLIB:"C:\Users\KRM0201517\Documents\Visual Studio 2010\Projects\date_clock\Debug\date_clock.lib" /MACHINE:X86 Debug\imp.obj
         Debug\main.obj
         date_clock.vcxproj -> C:\Users\KRM0201517\Documents\Visual Studio 2010\Projects\date_clock\Debug\date_clock.exe
       Manifest:
         c:\Program Files (x86)\Microsoft SDKs\Windows\v7.0A\bin\mt.exe /nologo /verbose /outputresource:"C:\Users\KRM0201517\Documents\Visual Studio 2010\Projects\date_clock\Debug\date_clock.exe;#1" /manifest Debug\date_clock.exe.intermediate.manifest
       FinalizeBuildStatus:
         Deleting file "Debug\date_clock.unsuccessfulbuild".
         Touching "Debug\date_clock.lastbuildstate".
     1>Done Building Project "C:\Users\KRM0201517\Documents\Visual Studio 2010\Projects\date_clock\date_clock\date_clock.vcxproj" (build target(s)).

Build succeeded.

Time Elapsed 00:00:04.57
