Build started 15/12/2021 12:05:31 م.
     1>Project "C:\Users\KRM0201517\Documents\Visual Studio 2010\Projects\eumrate\eumrate\eumrate.vcxproj" on node 2 (build target(s)).
     1>PrepareForBuild:
         Creating directory "C:\Users\KRM0201517\Documents\Visual Studio 2010\Projects\eumrate\Debug\".
       InitializeBuildStatus:
         Creating "Debug\eumrate.unsuccessfulbuild" because "AlwaysCreate" was specified.
       ClCompile:
         c:\Program Files (x86)\Microsoft Visual Studio 10.0\VC\bin\CL.exe /c /ZI /nologo /W3 /WX- /Od /Oy- /D WIN32 /D _DEBUG /D _CONSOLE /D _UNICODE /D UNICODE /Gm /EHsc /RTC1 /MDd /GS /fp:precise /Zc:wchar_t /Zc:forScope /Fo"Debug\\" /Fd"Debug\vc100.pdb" /Gd /TP /analyze- /errorReport:prompt main.cpp
         main.cpp
       ManifestResourceCompile:
         c:\Program Files (x86)\Microsoft SDKs\Windows\v7.0A\bin\rc.exe /nologo /fo"Debug\eumrate.exe.embed.manifest.res" Debug\eumrate_manifest.rc 
       Link:
         c:\Program Files (x86)\Microsoft Visual Studio 10.0\VC\bin\link.exe /ERRORREPORT:PROMPT /OUT:"C:\Users\KRM0201517\Documents\Visual Studio 2010\Projects\eumrate\Debug\eumrate.exe" /INCREMENTAL /NOLOGO kernel32.lib user32.lib gdi32.lib winspool.lib comdlg32.lib advapi32.lib shell32.lib ole32.lib oleaut32.lib uuid.lib odbc32.lib odbccp32.lib /MANIFEST /ManifestFile:"Debug\eumrate.exe.intermediate.manifest" /MANIFESTUAC:"level='asInvoker' uiAccess='false'" /DEBUG /PDB:"C:\Users\KRM0201517\Documents\Visual Studio 2010\Projects\eumrate\Debug\eumrate.pdb" /SUBSYSTEM:CONSOLE /TLBID:1 /DYNAMICBASE /NXCOMPAT /IMPLIB:"C:\Users\KRM0201517\Documents\Visual Studio 2010\Projects\eumrate\Debug\eumrate.lib" /MACHINE:X86 Debug\eumrate.exe.embed.manifest.res
         Debug\main.obj
       Manifest:
         c:\Program Files (x86)\Microsoft SDKs\Windows\v7.0A\bin\mt.exe /nologo /verbose /out:"Debug\eumrate.exe.embed.manifest" /manifest Debug\eumrate.exe.intermediate.manifest
         c:\Program Files (x86)\Microsoft SDKs\Windows\v7.0A\bin\rc.exe /nologo /fo"Debug\eumrate.exe.embed.manifest.res" Debug\eumrate_manifest.rc 
       LinkEmbedManifest:
         c:\Program Files (x86)\Microsoft Visual Studio 10.0\VC\bin\link.exe /ERRORREPORT:PROMPT /OUT:"C:\Users\KRM0201517\Documents\Visual Studio 2010\Projects\eumrate\Debug\eumrate.exe" /INCREMENTAL /NOLOGO kernel32.lib user32.lib gdi32.lib winspool.lib comdlg32.lib advapi32.lib shell32.lib ole32.lib oleaut32.lib uuid.lib odbc32.lib odbccp32.lib /MANIFEST /ManifestFile:"Debug\eumrate.exe.intermediate.manifest" /MANIFESTUAC:"level='asInvoker' uiAccess='false'" /DEBUG /PDB:"C:\Users\KRM0201517\Documents\Visual Studio 2010\Projects\eumrate\Debug\eumrate.pdb" /SUBSYSTEM:CONSOLE /TLBID:1 /DYNAMICBASE /NXCOMPAT /IMPLIB:"C:\Users\KRM0201517\Documents\Visual Studio 2010\Projects\eumrate\Debug\eumrate.lib" /MACHINE:X86 Debug\eumrate.exe.embed.manifest.res
         Debug\main.obj
         eumrate.vcxproj -> C:\Users\KRM0201517\Documents\Visual Studio 2010\Projects\eumrate\Debug\eumrate.exe
       FinalizeBuildStatus:
         Deleting file "Debug\eumrate.unsuccessfulbuild".
         Touching "Debug\eumrate.lastbuildstate".
     1>Done Building Project "C:\Users\KRM0201517\Documents\Visual Studio 2010\Projects\eumrate\eumrate\eumrate.vcxproj" (build target(s)).

Build succeeded.

Time Elapsed 00:00:05.63
